<?xml version="1.0" encoding="UTF-8"?>
<!-- Generated by org.testng.reporters.JUnitReportReporter -->
<testsuite hostname="Alinas-MacBook-Pro.local" failures="0" tests="3" name="tests.SauceDemoAppTests" time="21.271" errors="0" timestamp="20 Jul 2022 01:49:40 GMT" skipped="0">
  <testcase classname="tests.SauceDemoAppTests" name="verifyLoginPositive" time="6.580"/>
  <testcase classname="tests.SauceDemoAppTests" name="verifyPriceHighToLow" time="7.115"/>
  <testcase classname="tests.SauceDemoAppTests" name="verifytotalPrice" time="7.576"/>
</testsuite> <!-- tests.SauceDemoAppTests -->
