<?xml version="1.0" encoding="UTF-8"?>
<!-- Generated by org.testng.reporters.JUnitReportReporter -->
<testsuite hostname="Alinas-MacBook-Pro.local" failures="0" tests="1" name="tests.BlazeDemoTests" time="6.548" errors="0" timestamp="20 Jul 2022 01:49:40 GMT" skipped="0">
  <testcase classname="tests.BlazeDemoTests" name="verifyFlightDestinations" time="6.548"/>
</testsuite> <!-- tests.BlazeDemoTests -->
